<?xml version="1.0" encoding="UTF-8"?>
<!-- Generated by org.testng.reporters.JUnitReportReporter -->
<testsuite skipped="0" hostname="NK" name="com.govtech.assignment.OppenheimerApiTest" tests="3" failures="1" timestamp="16 Mar 2021 03:55:08 GMT" time="1.114" errors="0">
  <testcase name="test_insert_single_record_of_working_class_hero" time="0.089" classname="com.govtech.assignment.OppenheimerApiTest"/>
  <testcase name="test_insert_multiple_record_of_working_class_hero" time="0.127" classname="com.govtech.assignment.OppenheimerApiTest"/>
  <testcase name="test_query_amount_of_tax_relief_for_each_person" time="0.898" classname="com.govtech.assignment.OppenheimerApiTest">
    <failure type="java.lang.AssertionError" message="1. Tax relief is wrongly calculated for- Jon expected [0.00] but found [1816.65]">
      <![CDATA[java.lang.AssertionError: 1. Tax relief is wrongly calculated for- Jon expected [0.00] but found [1816.65]
at org.testng.Assert.fail(Assert.java:96)
at org.testng.Assert.failNotEquals(Assert.java:776)
at org.testng.Assert.assertEqualsImpl(Assert.java:137)
at org.testng.Assert.assertEquals(Assert.java:118)
at org.testng.Assert.assertEquals(Assert.java:453)
at com.govtech.assignment.OppenheimerApiTest.test_query_amount_of_tax_relief_for_each_person(OppenheimerApiTest.java:149)
at sun.reflect.NativeMethodAccessorImpl.invoke0(Native Method)
at sun.reflect.NativeMethodAccessorImpl.invoke(Unknown Source)
at sun.reflect.DelegatingMethodAccessorImpl.invoke(Unknown Source)
at java.lang.reflect.Method.invoke(Unknown Source)
at org.testng.internal.MethodInvocationHelper.invokeMethod(MethodInvocationHelper.java:124)
at org.testng.internal.Invoker.invokeMethod(Invoker.java:583)
at org.testng.internal.Invoker.invokeTestMethod(Invoker.java:719)
at org.testng.internal.Invoker.invokeTestMethods(Invoker.java:989)
at org.testng.internal.TestMethodWorker.invokeTestMethods(TestMethodWorker.java:125)
at org.testng.internal.TestMethodWorker.run(TestMethodWorker.java:109)
at org.testng.TestRunner.privateRun(TestRunner.java:648)
at org.testng.TestRunner.run(TestRunner.java:505)
at org.testng.SuiteRunner.runTest(SuiteRunner.java:455)
at org.testng.SuiteRunner.runSequentially(SuiteRunner.java:450)
at org.testng.SuiteRunner.privateRun(SuiteRunner.java:415)
at org.testng.SuiteRunner.run(SuiteRunner.java:364)
at org.testng.SuiteRunnerWorker.runSuite(SuiteRunnerWorker.java:52)
at org.testng.SuiteRunnerWorker.run(SuiteRunnerWorker.java:84)
at org.testng.TestNG.runSuitesSequentially(TestNG.java:1208)
at org.testng.TestNG.runSuitesLocally(TestNG.java:1137)
at org.testng.TestNG.runSuites(TestNG.java:1049)
at org.testng.TestNG.run(TestNG.java:1017)
at org.testng.remote.AbstractRemoteTestNG.run(AbstractRemoteTestNG.java:132)
at org.testng.remote.RemoteTestNG.initAndRun(RemoteTestNG.java:236)
at org.testng.remote.RemoteTestNG.main(RemoteTestNG.java:81)
]]>
    </failure>
  </testcase> <!-- test_query_amount_of_tax_relief_for_each_person -->
</testsuite> <!-- com.govtech.assignment.OppenheimerApiTest -->
