<?xml version="1.0" encoding="UTF-8"?>
<!-- Generated by org.testng.reporters.JUnitReportReporter -->
<testsuite skipped="0" hostname="NK" name="com.govtech.assignment.OppenheimerGuiTest" tests="3" failures="0" timestamp="16 Mar 2021 04:08:07 GMT" time="20.511" errors="0">
  <testcase name="test_rake_database" time="9.808" classname="com.govtech.assignment.OppenheimerGuiTest"/>
  <testcase name="test_upload_csv_to_portal" time="5.714" classname="com.govtech.assignment.OppenheimerGuiTest"/>
  <testcase name="test_dispense_button_validation" time="4.989" classname="com.govtech.assignment.OppenheimerGuiTest"/>
</testsuite> <!-- com.govtech.assignment.OppenheimerGuiTest -->
