<?xml version="1.0" encoding="UTF-8"?>
<!-- Generated by org.testng.reporters.JUnitReportReporter -->
<testsuite skipped="1" hostname="NK" name="com.govtech.assignment.OppenheimerTest" tests="2" failures="0" timestamp="15 Mar 2021 10:52:30 GMT" time="2.340" errors="0">
  <testcase name="test_insert_multiple_record_of_working_class_hero" time="2.340" classname="com.govtech.assignment.OppenheimerTest"/>
  <testcase name="test_insert_single_record_of_working_class_hero" classname="com.govtech.assignment.OppenheimerTest">
    <skipped/>
  </testcase> <!-- test_insert_single_record_of_working_class_hero -->
</testsuite> <!-- com.govtech.assignment.OppenheimerTest -->
