<?xml version="1.0" encoding="UTF-8"?>
<!-- Generated by org.testng.reporters.JUnitReportReporter -->
<testsuite skipped="0" hostname="NK" name="com.govtech.assignment.OppenheimerApiTest" tests="4" failures="0" timestamp="16 Mar 2021 04:08:07 GMT" time="0.272" errors="0">
  <testcase name="test_insert_single_record_of_working_class_hero" time="0.087" classname="com.govtech.assignment.OppenheimerApiTest"/>
  <testcase name="test_insert_multiple_record_of_working_class_hero" time="0.131" classname="com.govtech.assignment.OppenheimerApiTest"/>
  <testcase name="test_rake_database" time="0.033" classname="com.govtech.assignment.OppenheimerApiTest"/>
  <testcase name="test_query_amount_of_tax_relief_for_each_person" time="0.021" classname="com.govtech.assignment.OppenheimerApiTest"/>
</testsuite> <!-- com.govtech.assignment.OppenheimerApiTest -->
